# JRE version: OpenJDK Runtime Environment (11.0.2+9) (build 11.0.2+9)
# Java VM: OpenJDK 64-Bit Server VM (11.0.2+9, mixed mode, tiered, compressed oops, g1 gc, windows-amd64)
Heap:
 garbage-first heap   total 153600K, used 93211K [0x0000000705000000, 0x0000000800000000)
  region size 1024K, 47 young (48128K), 7 survivors (7168K)
 Metaspace       used 79367K, capacity 81842K, committed 82096K, reserved 1120256K
  class space    used 10182K, capacity 11165K, committed 11264K, reserved 1048576K
GC Heap History (10 events):
Event: 600.961 GC heap before
{Heap before GC invocations=15 (full 1):
 garbage-first heap   total 153600K, used 122861K [0x0000000705000000, 0x0000000800000000)
  region size 1024K, 80 young (81920K), 0 survivors (0K)
 Metaspace       used 78367K, capacity 80801K, committed 80944K, reserved 1120256K
  class space    used 10079K, capacity 11044K, committed 11136K, reserved 1048576K
}
Event: 600.964 GC heap after
{Heap after GC invocations=16 (full 1):
 garbage-first heap   total 153600K, used 47434K [0x0000000705000000, 0x0000000800000000)
  region size 1024K, 6 young (6144K), 6 survivors (6144K)
 Metaspace       used 78367K, capacity 80801K, committed 80944K, reserved 1120256K
  class space    used 10079K, capacity 11044K, committed 11136K, reserved 1048576K
}
Event: 601.204 GC heap before
{Heap before GC invocations=16 (full 1):
 garbage-first heap   total 153600K, used 122186K [0x0000000705000000, 0x0000000800000000)
  region size 1024K, 80 young (81920K), 6 survivors (6144K)
 Metaspace       used 78516K, capacity 80951K, committed 81200K, reserved 1120256K
  class space    used 10100K, capacity 11087K, committed 11136K, reserved 1048576K
}
Event: 601.207 GC heap after
{Heap after GC invocations=17 (full 1):
 garbage-first heap   total 153600K, used 47028K [0x0000000705000000, 0x0000000800000000)
  region size 1024K, 5 young (5120K), 5 survivors (5120K)
 Metaspace       used 78516K, capacity 80951K, committed 81200K, reserved 1120256K
  class space    used 10100K, capacity 11087K, committed 11136K, reserved 1048576K
}
Event: 601.551 GC heap before
{Heap before GC invocations=17 (full 1):
 garbage-first heap   total 153600K, used 123828K [0x0000000705000000, 0x0000000800000000)
  region size 1024K, 81 young (82944K), 5 survivors (5120K)
 Metaspace       used 78609K, capacity 81078K, committed 81200K, reserved 1120256K
  class space    used 10114K, capacity 11098K, committed 11136K, reserved 1048576K
}
Event: 601.553 GC heap after
{Heap after GC invocations=18 (full 1):
 garbage-first heap   total 153600K, used 48488K [0x0000000705000000, 0x0000000800000000)
  region size 1024K, 7 young (7168K), 7 survivors (7168K)
 Metaspace       used 78609K, capacity 81078K, committed 81200K, reserved 1120256K
  class space    used 10114K, capacity 11098K, committed 11136K, reserved 1048576K
}
Event: 601.816 GC heap before
{Heap before GC invocations=18 (full 1):
 garbage-first heap   total 153600K, used 124264K [0x0000000705000000, 0x0000000800000000)
  region size 1024K, 82 young (83968K), 7 survivors (7168K)
 Metaspace       used 79222K, capacity 81703K, committed 81840K, reserved 1120256K
  class space    used 10163K, capacity 11146K, committed 11264K, reserved 1048576K
}
Event: 601.819 GC heap after
{Heap after GC invocations=19 (full 1):
 garbage-first heap   total 153600K, used 50437K [0x0000000705000000, 0x0000000800000000)
  region size 1024K, 6 young (6144K), 6 survivors (6144K)
 Metaspace       used 79222K, capacity 81703K, committed 81840K, reserved 1120256K
  class space    used 10163K, capacity 11146K, committed 11264K, reserved 1048576K
}
Event: 625.690 GC heap before
{Heap before GC invocations=19 (full 1):
 garbage-first heap   total 153600K, used 125189K [0x0000000705000000, 0x0000000800000000)
  region size 1024K, 79 young (80896K), 6 survivors (6144K)
 Metaspace       used 79297K, capacity 81772K, committed 82096K, reserved 1120256K
  class space    used 10176K, capacity 11163K, committed 11264K, reserved 1048576K
}
Event: 625.694 GC heap after
{Heap after GC invocations=20 (full 1):
 garbage-first heap   total 153600K, used 53275K [0x0000000705000000, 0x0000000800000000)
  region size 1024K, 7 young (7168K), 7 survivors (7168K)
 Metaspace       used 79297K, capacity 81772K, committed 82096K, reserved 1120256K
  class space    used 10176K, capacity 11163K, committed 11264K, reserved 1048576K
}

